Using pre-set license
Built from '2020.3/staging' branch; Version is '2020.3.19f1 (68f137dc9bbe) revision 6877495'; Using compiler version '192528614'; Build Type 'Release'
OS: 'Windows 10 Pr; OS build 19042.1237; Version 2009; 64bit' Language: 'ru' Physical Memory: 16333 MB
BatchMode: 1, IsHumanControllingUs: 0, StartBugReporterOnCrash: 0, Is64bit: 1, IsPro: 0

COMMAND LINE ARGUMENTS:
E:\Unity\2020.3.19f1\Editor\Unity.exe
-adb2
-batchMode
-noUpm
-name
AssetImportWorker0
-projectPath
C:/Users/Gudini/Desktop/UnityHW/Lesson 2, TD project
-logFile
Logs/AssetImportWorker0.log
-srvPort
63600
Successfully changed project path to: C:/Users/Gudini/Desktop/UnityHW/Lesson 2, TD project
C:/Users/Gudini/Desktop/UnityHW/Lesson 2, TD project
Using Asset Import Pipeline V2.
Refreshing native plugins compatible for Editor in 36.02 ms, found 2 plugins.
Preloading 0 native plugins for Editor in 0.00 ms.
Initialize engine version: 2020.3.19f1 (68f137dc9bbe)
[Subsystems] Discovering subsystems at path E:/Unity/2020.3.19f1/Editor/Data/Resources/UnitySubsystems
[Subsystems] Discovering subsystems at path C:/Users/Gudini/Desktop/UnityHW/Lesson 2, TD project/Assets
GfxDevice: creating device client; threaded=0
Direct3D:
    Version:  Direct3D 11.0 [level 11.1]
    Renderer: NVIDIA GeForce GTX 1660 (ID=0x2184)
    Vendor:   
    VRAM:     5991 MB
    Driver:   30.0.14.7168
Initialize mono
Mono path[0] = 'E:/Unity/2020.3.19f1/Editor/Data/Managed'
Mono path[1] = 'E:/Unity/2020.3.19f1/Editor/Data/MonoBleedingEdge/lib/mono/unityjit'
Mono config path = 'E:/Unity/2020.3.19f1/Editor/Data/MonoBleedingEdge/etc'
Using monoOptions --debugger-agent=transport=dt_socket,embedding=1,server=y,suspend=n,address=127.0.0.1:56620
Begin MonoManager ReloadAssembly
Registering precompiled unity dll's ...
Register platform support module: E:/Unity/2020.3.19f1/Editor/Data/PlaybackEngines/WindowsStandaloneSupport/UnityEditor.WindowsStandalone.Extensions.dll
Registered in 0.115402 seconds.
Native extension for WindowsStandalone target not found
Refreshing native plugins compatible for Editor in 36.08 ms, found 2 plugins.
Preloading 0 native plugins for Editor in 0.00 ms.
Mono: successfully reloaded assembly
- Completed reload, in  3.911 seconds
Domain Reload Profiling:
	ReloadAssembly (3911ms)
		BeginReloadAssembly (2302ms)
			ExecutionOrderSort (0ms)
			DisableScriptedObjects (0ms)
			BackupInstance (0ms)
			ReleaseScriptingObjects (0ms)
			CreateAndSetChildDomain (1ms)
		EndReloadAssembly (816ms)
			LoadAssemblies (2301ms)
			RebuildTransferFunctionScriptingTraits (0ms)
			SetupTypeCache (515ms)
			ReleaseScriptCaches (0ms)
			RebuildScriptCaches (30ms)
			SetupLoadedEditorAssemblies (185ms)
				LogAssemblyErrors (0ms)
				InitializePlatformSupportModulesInManaged (4ms)
				SetLoadedEditorAssemblies (0ms)
				RefreshPlugins (36ms)
				BeforeProcessingInitializeOnLoad (17ms)
				ProcessInitializeOnLoadAttributes (87ms)
				ProcessInitializeOnLoadMethodAttributes (40ms)
				AfterProcessingInitializeOnLoad (0ms)
				EditorAssembliesLoaded (0ms)
			ExecutionOrderSort2 (0ms)
			AwakeInstancesAfterBackupRestoration (0ms)
Platform modules already initialized, skipping
Registering precompiled user dll's ...
Registered in 0.437672 seconds.
Begin MonoManager ReloadAssembly
Native extension for WindowsStandalone target not found
Refreshing native plugins compatible for Editor in 0.42 ms, found 2 plugins.
Preloading 0 native plugins for Editor in 0.00 ms.
Mono: successfully reloaded assembly
- Completed reload, in  3.600 seconds
Domain Reload Profiling:
	ReloadAssembly (3605ms)
		BeginReloadAssembly (149ms)
			ExecutionOrderSort (0ms)
			DisableScriptedObjects (5ms)
			BackupInstance (0ms)
			ReleaseScriptingObjects (0ms)
			CreateAndSetChildDomain (20ms)
		EndReloadAssembly (3390ms)
			LoadAssemblies (1819ms)
			RebuildTransferFunctionScriptingTraits (0ms)
			SetupTypeCache (953ms)
			ReleaseScriptCaches (0ms)
			RebuildScriptCaches (43ms)
			SetupLoadedEditorAssemblies (473ms)
				LogAssemblyErrors (0ms)
				InitializePlatformSupportModulesInManaged (5ms)
				SetLoadedEditorAssemblies (1ms)
				RefreshPlugins (1ms)
				BeforeProcessingInitializeOnLoad (80ms)
				ProcessInitializeOnLoadAttributes (379ms)
				ProcessInitializeOnLoadMethodAttributes (5ms)
				AfterProcessingInitializeOnLoad (3ms)
				EditorAssembliesLoaded (0ms)
			ExecutionOrderSort2 (0ms)
			AwakeInstancesAfterBackupRestoration (7ms)
Platform modules already initialized, skipping
========================================================================
Worker process is ready to serve import requests
Launched and connected shader compiler UnityShaderCompiler.exe after 0.15 seconds
Refreshing native plugins compatible for Editor in 0.36 ms, found 2 plugins.
Preloading 0 native plugins for Editor in 0.00 ms.
Unloading 1758 Unused Serialized files (Serialized files now loaded: 0)
System memory in use before: 94.1 MB.
System memory in use after: 94.1 MB.

Unloading 17 unused Assets to reduce memory usage. Loaded Objects now: 2215.
Total: 3.012400 ms (FindLiveObjects: 0.197600 ms CreateObjectMapping: 0.043000 ms MarkObjects: 2.667600 ms  DeleteObjects: 0.102600 ms)

AssetImportParameters requested are different than current active one (requested -> active):
  custom:framework-win-MediaFoundation: 216162199b28c13a410421893ffa2e32 -> 
  custom:video-decoder-ogg-theora: a1e56fd34408186e4bbccfd4996cb3dc -> 
  custom:container-muxer-webm: aa71ff27fc2769a1b78a27578f13a17b -> 
  custom:container-demuxer-webm: 4f35f7cbe854078d1ac9338744f61a02 -> 
  custom:container-demuxer-ogg: 62fdf1f143b41e24485cea50d1cbac27 -> 
  custom:video-encoder-webm-vp8: eb34c28f22e8b96e1ab97ce403110664 -> 
  custom:video-decoder-webm-vp8: 9c59270c3fd7afecdb556c50c9e8de78 -> 
  custom:audio-decoder-ogg-vorbis: bf7c407c2cedff20999df2af8eb42d56 -> 
  custom:audio-encoder-webm-vorbis: bf7c407c2cedff20999df2af8eb42d56 -> 
========================================================================
Received Import Request.
  path: Assets/Enemy/hilichurl/source/Hilichurl.glb
  artifactKey: Guid(f2d1a7f4a3bffbd4c8e4892cc619c727) Importer(815301076,1909f56bfc062723c751e8b465ee728b)
Start importing Assets/Enemy/hilichurl/source/Hilichurl.glb using Guid(f2d1a7f4a3bffbd4c8e4892cc619c727) Importer(815301076,1909f56bfc062723c751e8b465ee728b)  -> (artifact id: '8285337ccd26f1111ee9309a3d1f67ba') in 0.039207 seconds 
  Import took 0.041828 seconds .

========================================================================
Received Import Request.
  Time since last request: 0.000206 seconds.
  path: Assets/Enemy/hilichurl/textures/cloth.png
  artifactKey: Guid(92f744e485a9b1e4984e5c01f6b94cfd) Importer(815301076,1909f56bfc062723c751e8b465ee728b)
Start importing Assets/Enemy/hilichurl/textures/cloth.png using Guid(92f744e485a9b1e4984e5c01f6b94cfd) Importer(815301076,1909f56bfc062723c751e8b465ee728b)  -> (artifact id: 'e8d76ff14a2cde95b1183a1975e0a2df') in 0.052700 seconds 
  Import took 0.055532 seconds .

========================================================================
Received Import Request.
  Time since last request: 0.000203 seconds.
  path: Assets/Enemy/hilichurl
  artifactKey: Guid(e0c45991a884dcb43bfd7c754fc1aa6f) Importer(815301076,1909f56bfc062723c751e8b465ee728b)
Start importing Assets/Enemy/hilichurl using Guid(e0c45991a884dcb43bfd7c754fc1aa6f) Importer(815301076,1909f56bfc062723c751e8b465ee728b)  -> (artifact id: '55a5bd2addfdb47e1512e4c910a40d03') in 0.009872 seconds 
  Import took 0.012872 seconds .

========================================================================
Received Import Request.
  Time since last request: 0.000255 seconds.
  path: Assets/Enemy/hilichurl/textures
  artifactKey: Guid(c91a638b161b15845b3aa46c708e823d) Importer(815301076,1909f56bfc062723c751e8b465ee728b)
Start importing Assets/Enemy/hilichurl/textures using Guid(c91a638b161b15845b3aa46c708e823d) Importer(815301076,1909f56bfc062723c751e8b465ee728b)  -> (artifact id: '4d2be94af06241070d7a18a0d0f947c7') in 0.009543 seconds 
  Import took 0.013127 seconds .

========================================================================
Received Import Request.
  Time since last request: 0.000256 seconds.
  path: Assets/Enemy/hilichurl/source
  artifactKey: Guid(b86d608abfa9e3543a622c4ad4d6c8ff) Importer(815301076,1909f56bfc062723c751e8b465ee728b)
Start importing Assets/Enemy/hilichurl/source using Guid(b86d608abfa9e3543a622c4ad4d6c8ff) Importer(815301076,1909f56bfc062723c751e8b465ee728b)  -> (artifact id: '567e6acd5f413f466ef916371e056e15') in 0.010223 seconds 
  Import took 0.013415 seconds .

========================================================================
Received Import Request.
  Time since last request: 1286.030090 seconds.
  path: Assets/Enemy/qiqi-fbx-with-textures
  artifactKey: Guid(5a31cf5bd04dc0b479148079c00022fb) Importer(815301076,1909f56bfc062723c751e8b465ee728b)
Start importing Assets/Enemy/qiqi-fbx-with-textures using Guid(5a31cf5bd04dc0b479148079c00022fb) Importer(815301076,1909f56bfc062723c751e8b465ee728b)  -> (artifact id: 'fd38676e236ad385f3df785130e65a76') in 0.009815 seconds 
  Import took 0.012917 seconds .

========================================================================
Received Import Request.
  Time since last request: 0.986598 seconds.
  path: Assets/Enemy/qiqi-fbx-with-textures/source
  artifactKey: Guid(44629fb32ec2a4948ac460ffac6d730f) Importer(815301076,1909f56bfc062723c751e8b465ee728b)
Start importing Assets/Enemy/qiqi-fbx-with-textures/source using Guid(44629fb32ec2a4948ac460ffac6d730f) Importer(815301076,1909f56bfc062723c751e8b465ee728b)  -> (artifact id: 'c18a24367738cef7b9f9eb997a865f3c') in 0.004717 seconds 
  Import took 0.008244 seconds .

========================================================================
Received Import Request.
  Time since last request: 1.154872 seconds.
  path: Assets/Enemy/qiqi-fbx-with-textures/source/Qiqi.zip
  artifactKey: Guid(d1a6991f0db4b4a408c84cd3a07eac28) Importer(815301076,1909f56bfc062723c751e8b465ee728b)
Start importing Assets/Enemy/qiqi-fbx-with-textures/source/Qiqi.zip using Guid(d1a6991f0db4b4a408c84cd3a07eac28) Importer(815301076,1909f56bfc062723c751e8b465ee728b)  -> (artifact id: '6abd3f56051df6653b26620845517898') in 0.011810 seconds 
  Import took 0.014646 seconds .

========================================================================
Received Import Request.
  Time since last request: 32.720332 seconds.
  path: Assets/Enemy/Qiqi
  artifactKey: Guid(49e71590764f1434ea86a83041936d88) Importer(815301076,1909f56bfc062723c751e8b465ee728b)
Start importing Assets/Enemy/Qiqi using Guid(49e71590764f1434ea86a83041936d88) Importer(815301076,1909f56bfc062723c751e8b465ee728b)  -> (artifact id: 'c96bc3a5dfbfceaa028614330cda1ccf') in 0.003187 seconds 
  Import took 0.006454 seconds .

========================================================================
Received Import Request.
  Time since last request: 0.851680 seconds.
  path: Assets/Enemy/Qiqi/Qiqi model
  artifactKey: Guid(a4e96f55a78a8ce4d9ecdb04ace16850) Importer(815301076,1909f56bfc062723c751e8b465ee728b)
Start importing Assets/Enemy/Qiqi/Qiqi model using Guid(a4e96f55a78a8ce4d9ecdb04ace16850) Importer(815301076,1909f56bfc062723c751e8b465ee728b)  -> (artifact id: '155a99b4508d6e1883136da09aa05e43') in 0.008224 seconds 
  Import took 0.010967 seconds .

========================================================================
Received Import Request.
  Time since last request: 0.067096 seconds.
  path: Assets/Enemy/Qiqi/Qiqi model/qiqi.fbx
  artifactKey: Guid(40be43fd8b05c8749b8934f1903e9918) Importer(815301076,1909f56bfc062723c751e8b465ee728b)
Start importing Assets/Enemy/Qiqi/Qiqi model/qiqi.fbx using Guid(40be43fd8b05c8749b8934f1903e9918) Importer(815301076,1909f56bfc062723c751e8b465ee728b)  -> (artifact id: '2ec4aacf387b0fe9ec20642bac709cac') in 0.258895 seconds 
  Import took 0.264302 seconds .

========================================================================
Received Import Request.
  Time since last request: 226.525668 seconds.
  path: ProjectSettings/TagManager.asset
  artifactKey: Guid(00000000000000003000000000000000) Importer(815301076,1909f56bfc062723c751e8b465ee728b)
Start importing ProjectSettings/TagManager.asset using Guid(00000000000000003000000000000000) Importer(815301076,1909f56bfc062723c751e8b465ee728b)  -> (artifact id: 'ce6a35c3cddc746e7501c0bd0ed6d4ce') in 0.011723 seconds 
  Import took 0.014823 seconds .

========================================================================
Received Import Request.
  Time since last request: 43.567369 seconds.
  path: Assets/Level Objects/Level_Prefab.prefab
  artifactKey: Guid(769fa76a4a1873d40a17cb7611840dff) Importer(815301076,1909f56bfc062723c751e8b465ee728b)
Start importing Assets/Level Objects/Level_Prefab.prefab using Guid(769fa76a4a1873d40a17cb7611840dff) Importer(815301076,1909f56bfc062723c751e8b465ee728b)  -> (artifact id: '713b5d0bcbc137332352dcbeac091124') in 0.025249 seconds 
  Import took 0.029142 seconds .

========================================================================
Received Import Request.
  Time since last request: 18.636620 seconds.
  path: Assets/Player/mona/Texture
  artifactKey: Guid(582d41ad66e900b42a401025c2fbc42b) Importer(815301076,1909f56bfc062723c751e8b465ee728b)
Start importing Assets/Player/mona/Texture using Guid(582d41ad66e900b42a401025c2fbc42b) Importer(815301076,1909f56bfc062723c751e8b465ee728b)  -> (artifact id: 'd09ffeee67037bd93cbb92b8c8476625') in 0.011030 seconds 
  Import took 0.013891 seconds .

========================================================================
Received Import Request.
  Time since last request: 0.080330 seconds.
  path: Assets/Player/mona/Texture/mc3.png
  artifactKey: Guid(eee23ccdf12a183408bbde4e937c3b2f) Importer(815301076,1909f56bfc062723c751e8b465ee728b)
Start importing Assets/Player/mona/Texture/mc3.png using Guid(eee23ccdf12a183408bbde4e937c3b2f) Importer(815301076,1909f56bfc062723c751e8b465ee728b)  -> (artifact id: '285db9ecaa6d0466758203e9cf1e8bb0') in 0.013661 seconds 
  Import took 0.016970 seconds .

========================================================================
Received Import Request.
  Time since last request: 0.000255 seconds.
  path: Assets/Player/mona/Texture/脸.png
  artifactKey: Guid(201bf6789458a1849a4c35d4ecf708d3) Importer(815301076,1909f56bfc062723c751e8b465ee728b)
Start importing Assets/Player/mona/Texture/脸.png using Guid(201bf6789458a1849a4c35d4ecf708d3) Importer(815301076,1909f56bfc062723c751e8b465ee728b)  -> (artifact id: '1977ea8d9135a4a89a4ac62884da48b6') in 0.022012 seconds 
  Import took 0.024800 seconds .

========================================================================
Received Import Request.
  Time since last request: 0.000160 seconds.
  path: Assets/Player/mona/Texture/表情.png
  artifactKey: Guid(07b602104ac5043418359bc2552f8cde) Importer(815301076,1909f56bfc062723c751e8b465ee728b)
Start importing Assets/Player/mona/Texture/表情.png using Guid(07b602104ac5043418359bc2552f8cde) Importer(815301076,1909f56bfc062723c751e8b465ee728b)  -> (artifact id: '9ea9b82a5d96b7b368394f62e574d1a7') in 0.015925 seconds 
  Import took 0.018882 seconds .

========================================================================
Received Import Request.
  Time since last request: 0.000174 seconds.
  path: Assets/Player/mona/Texture/衣服.png
  artifactKey: Guid(30b93184f0a72bf4fbd257d9e52a1967) Importer(815301076,1909f56bfc062723c751e8b465ee728b)
Start importing Assets/Player/mona/Texture/衣服.png using Guid(30b93184f0a72bf4fbd257d9e52a1967) Importer(815301076,1909f56bfc062723c751e8b465ee728b)  -> (artifact id: 'bc26619ae5bd4b168144d8d72472d5c3') in 0.025198 seconds 
  Import took 0.028007 seconds .

========================================================================
Received Import Request.
  Time since last request: 0.000197 seconds.
  path: Assets/Player/mona/Texture/toon.png
  artifactKey: Guid(5f146603dc28b1e4e992005865dcf9ee) Importer(815301076,1909f56bfc062723c751e8b465ee728b)
Start importing Assets/Player/mona/Texture/toon.png using Guid(5f146603dc28b1e4e992005865dcf9ee) Importer(815301076,1909f56bfc062723c751e8b465ee728b)  -> (artifact id: '694f68033a088a09b85ddec8b3cb0d28') in 0.017099 seconds 
  Import took 0.019918 seconds .

========================================================================
Received Import Request.
  Time since last request: 0.000187 seconds.
  path: Assets/Player/mona/Texture/头发.png
  artifactKey: Guid(3b238ce1f4a816a4eaa3766fe519807e) Importer(815301076,1909f56bfc062723c751e8b465ee728b)
Start importing Assets/Player/mona/Texture/头发.png using Guid(3b238ce1f4a816a4eaa3766fe519807e) Importer(815301076,1909f56bfc062723c751e8b465ee728b)  -> (artifact id: '5b8faa1fd5290973b2710e282f8dee3b') in 0.024047 seconds 
  Import took 0.026683 seconds .

========================================================================
Received Import Request.
  Time since last request: 13.157994 seconds.
  path: Assets/NewBehaviourScript.cs
  artifactKey: Guid(7d54ac93e0bea534c8f660bfcb8cd6a3) Importer(815301076,1909f56bfc062723c751e8b465ee728b)
Start importing Assets/NewBehaviourScript.cs using Guid(7d54ac93e0bea534c8f660bfcb8cd6a3) Importer(815301076,1909f56bfc062723c751e8b465ee728b)  -> (artifact id: 'ee3d15bd33d1c25be4a08ae504e99bcb') in 0.015372 seconds 
  Import took 0.018507 seconds .

========================================================================
Received Prepare
Registering precompiled user dll's ...
Registered in 0.003194 seconds.
Begin MonoManager ReloadAssembly
Native extension for WindowsStandalone target not found
Refreshing native plugins compatible for Editor in 0.54 ms, found 2 plugins.
Preloading 0 native plugins for Editor in 0.00 ms.
Mono: successfully reloaded assembly
- Completed reload, in  1.025 seconds
Domain Reload Profiling:
	ReloadAssembly (1026ms)
		BeginReloadAssembly (139ms)
			ExecutionOrderSort (0ms)
			DisableScriptedObjects (4ms)
			BackupInstance (0ms)
			ReleaseScriptingObjects (0ms)
			CreateAndSetChildDomain (34ms)
		EndReloadAssembly (825ms)
			LoadAssemblies (99ms)
			RebuildTransferFunctionScriptingTraits (0ms)
			SetupTypeCache (292ms)
			ReleaseScriptCaches (1ms)
			RebuildScriptCaches (39ms)
			SetupLoadedEditorAssemblies (307ms)
				LogAssemblyErrors (0ms)
				InitializePlatformSupportModulesInManaged (5ms)
				SetLoadedEditorAssemblies (0ms)
				RefreshPlugins (1ms)
				BeforeProcessingInitializeOnLoad (86ms)
				ProcessInitializeOnLoadAttributes (208ms)
				ProcessInitializeOnLoadMethodAttributes (4ms)
				AfterProcessingInitializeOnLoad (3ms)
				EditorAssembliesLoaded (0ms)
			ExecutionOrderSort2 (0ms)
			AwakeInstancesAfterBackupRestoration (7ms)
Platform modules already initialized, skipping
Refreshing native plugins compatible for Editor in 0.38 ms, found 2 plugins.
Preloading 0 native plugins for Editor in 0.00 ms.
Unloading 1731 Unused Serialized files (Serialized files now loaded: 0)
System memory in use before: 108.9 MB.
System memory in use after: 108.9 MB.

Unloading 14 unused Assets to reduce memory usage. Loaded Objects now: 2264.
Total: 3.248600 ms (FindLiveObjects: 0.281900 ms CreateObjectMapping: 0.049000 ms MarkObjects: 2.826700 ms  DeleteObjects: 0.089500 ms)

AssetImportParameters requested are different than current active one (requested -> active):
  custom:framework-win-MediaFoundation: 216162199b28c13a410421893ffa2e32 -> 
  custom:video-decoder-ogg-theora: a1e56fd34408186e4bbccfd4996cb3dc -> 
  custom:container-muxer-webm: aa71ff27fc2769a1b78a27578f13a17b -> 
  custom:container-demuxer-webm: 4f35f7cbe854078d1ac9338744f61a02 -> 
  custom:container-demuxer-ogg: 62fdf1f143b41e24485cea50d1cbac27 -> 
  custom:video-encoder-webm-vp8: eb34c28f22e8b96e1ab97ce403110664 -> 
  custom:video-decoder-webm-vp8: 9c59270c3fd7afecdb556c50c9e8de78 -> 
  custom:audio-decoder-ogg-vorbis: bf7c407c2cedff20999df2af8eb42d56 -> 
  custom:audio-encoder-webm-vorbis: bf7c407c2cedff20999df2af8eb42d56 -> 
========================================================================
Received Prepare
Registering precompiled user dll's ...
Registered in 0.004473 seconds.
Begin MonoManager ReloadAssembly
Native extension for WindowsStandalone target not found
Refreshing native plugins compatible for Editor in 0.55 ms, found 2 plugins.
Preloading 0 native plugins for Editor in 0.00 ms.
Mono: successfully reloaded assembly
- Completed reload, in  1.037 seconds
Domain Reload Profiling:
	ReloadAssembly (1038ms)
		BeginReloadAssembly (131ms)
			ExecutionOrderSort (0ms)
			DisableScriptedObjects (5ms)
			BackupInstance (0ms)
			ReleaseScriptingObjects (0ms)
			CreateAndSetChildDomain (37ms)
		EndReloadAssembly (838ms)
			LoadAssemblies (100ms)
			RebuildTransferFunctionScriptingTraits (0ms)
			SetupTypeCache (283ms)
			ReleaseScriptCaches (1ms)
			RebuildScriptCaches (40ms)
			SetupLoadedEditorAssemblies (311ms)
				LogAssemblyErrors (0ms)
				InitializePlatformSupportModulesInManaged (7ms)
				SetLoadedEditorAssemblies (0ms)
				RefreshPlugins (1ms)
				BeforeProcessingInitializeOnLoad (76ms)
				ProcessInitializeOnLoadAttributes (220ms)
				ProcessInitializeOnLoadMethodAttributes (4ms)
				AfterProcessingInitializeOnLoad (3ms)
				EditorAssembliesLoaded (0ms)
			ExecutionOrderSort2 (0ms)
			AwakeInstancesAfterBackupRestoration (7ms)
Platform modules already initialized, skipping
Refreshing native plugins compatible for Editor in 0.44 ms, found 2 plugins.
Preloading 0 native plugins for Editor in 0.00 ms.
Unloading 1730 Unused Serialized files (Serialized files now loaded: 0)
System memory in use before: 108.9 MB.
System memory in use after: 108.9 MB.

Unloading 13 unused Assets to reduce memory usage. Loaded Objects now: 2265.
Total: 3.042900 ms (FindLiveObjects: 0.205900 ms CreateObjectMapping: 0.042600 ms MarkObjects: 2.703900 ms  DeleteObjects: 0.089100 ms)

AssetImportParameters requested are different than current active one (requested -> active):
  custom:framework-win-MediaFoundation: 216162199b28c13a410421893ffa2e32 -> 
  custom:video-decoder-ogg-theora: a1e56fd34408186e4bbccfd4996cb3dc -> 
  custom:container-muxer-webm: aa71ff27fc2769a1b78a27578f13a17b -> 
  custom:container-demuxer-webm: 4f35f7cbe854078d1ac9338744f61a02 -> 
  custom:container-demuxer-ogg: 62fdf1f143b41e24485cea50d1cbac27 -> 
  custom:video-encoder-webm-vp8: eb34c28f22e8b96e1ab97ce403110664 -> 
  custom:video-decoder-webm-vp8: 9c59270c3fd7afecdb556c50c9e8de78 -> 
  custom:audio-decoder-ogg-vorbis: bf7c407c2cedff20999df2af8eb42d56 -> 
  custom:audio-encoder-webm-vorbis: bf7c407c2cedff20999df2af8eb42d56 -> 
========================================================================
Received Import Request.
  Time since last request: 22.720431 seconds.
  path: Assets/Scripts
  artifactKey: Guid(97184ad7acc1dec42b79f23d20381afc) Importer(815301076,1909f56bfc062723c751e8b465ee728b)
Start importing Assets/Scripts using Guid(97184ad7acc1dec42b79f23d20381afc) Importer(815301076,1909f56bfc062723c751e8b465ee728b)  -> (artifact id: '8a8d531a58dc3a117dc84b33cd082333') in 0.011666 seconds 
  Import took 0.015761 seconds .

========================================================================
Received Import Request.
  Time since last request: 3.925903 seconds.
  path: Assets/Player/mona/mona model/Player.cs
  artifactKey: Guid(1bc1f48894622ad4d819feebc7358d74) Importer(815301076,1909f56bfc062723c751e8b465ee728b)
Start importing Assets/Player/mona/mona model/Player.cs using Guid(1bc1f48894622ad4d819feebc7358d74) Importer(815301076,1909f56bfc062723c751e8b465ee728b)  -> (artifact id: 'befbab91aa8de00a1adc159eecbf55cf') in 0.008207 seconds 
  Import took 0.011003 seconds .

========================================================================
Received Prepare
Registering precompiled user dll's ...
Registered in 0.003219 seconds.
Begin MonoManager ReloadAssembly
Native extension for WindowsStandalone target not found
Refreshing native plugins compatible for Editor in 0.42 ms, found 2 plugins.
Preloading 0 native plugins for Editor in 0.00 ms.
Mono: successfully reloaded assembly
- Completed reload, in  0.982 seconds
Domain Reload Profiling:
	ReloadAssembly (983ms)
		BeginReloadAssembly (117ms)
			ExecutionOrderSort (0ms)
			DisableScriptedObjects (5ms)
			BackupInstance (0ms)
			ReleaseScriptingObjects (0ms)
			CreateAndSetChildDomain (38ms)
		EndReloadAssembly (803ms)
			LoadAssemblies (90ms)
			RebuildTransferFunctionScriptingTraits (0ms)
			SetupTypeCache (279ms)
			ReleaseScriptCaches (1ms)
			RebuildScriptCaches (38ms)
			SetupLoadedEditorAssemblies (301ms)
				LogAssemblyErrors (0ms)
				InitializePlatformSupportModulesInManaged (5ms)
				SetLoadedEditorAssemblies (0ms)
				RefreshPlugins (0ms)
				BeforeProcessingInitializeOnLoad (85ms)
				ProcessInitializeOnLoadAttributes (204ms)
				ProcessInitializeOnLoadMethodAttributes (4ms)
				AfterProcessingInitializeOnLoad (3ms)
				EditorAssembliesLoaded (0ms)
			ExecutionOrderSort2 (0ms)
			AwakeInstancesAfterBackupRestoration (7ms)
Platform modules already initialized, skipping
Refreshing native plugins compatible for Editor in 0.51 ms, found 2 plugins.
Preloading 0 native plugins for Editor in 0.00 ms.
Unloading 1730 Unused Serialized files (Serialized files now loaded: 0)
System memory in use before: 108.9 MB.
System memory in use after: 109.0 MB.

Unloading 12 unused Assets to reduce memory usage. Loaded Objects now: 2267.
Total: 2.921700 ms (FindLiveObjects: 0.189600 ms CreateObjectMapping: 0.045100 ms MarkObjects: 2.608500 ms  DeleteObjects: 0.077100 ms)

AssetImportParameters requested are different than current active one (requested -> active):
  custom:framework-win-MediaFoundation: 216162199b28c13a410421893ffa2e32 -> 
  custom:video-decoder-ogg-theora: a1e56fd34408186e4bbccfd4996cb3dc -> 
  custom:container-muxer-webm: aa71ff27fc2769a1b78a27578f13a17b -> 
  custom:container-demuxer-webm: 4f35f7cbe854078d1ac9338744f61a02 -> 
  custom:container-demuxer-ogg: 62fdf1f143b41e24485cea50d1cbac27 -> 
  custom:video-encoder-webm-vp8: eb34c28f22e8b96e1ab97ce403110664 -> 
  custom:video-decoder-webm-vp8: 9c59270c3fd7afecdb556c50c9e8de78 -> 
  custom:audio-decoder-ogg-vorbis: bf7c407c2cedff20999df2af8eb42d56 -> 
  custom:audio-encoder-webm-vorbis: bf7c407c2cedff20999df2af8eb42d56 -> 
